c:\users\lassikes\documents\visual studio 2013\projects\kamkbyte3\kamkbyte3\debug\vc120.pdb
c:\users\lassikes\documents\visual studio 2013\projects\kamkbyte3\kamkbyte3\debug\vc120.idb
c:\users\lassikes\documents\visual studio 2013\projects\kamkbyte3\kamkbyte3\debug\allincludes.obj
c:\users\lassikes\documents\visual studio 2013\projects\kamkbyte3\kamkbyte3\debug\main.obj
c:\users\lassikes\documents\visual studio 2013\projects\kamkbyte3\kamkbyte3\debug\windowcreation.obj
c:\users\lassikes\documents\visual studio 2013\projects\kamkbyte3\debug\kamkbyte3.pdb
c:\users\lassikes\documents\visual studio 2013\projects\kamkbyte3\kamkbyte3\debug\kamkbyte3.tlog\cl.command.1.tlog
c:\users\lassikes\documents\visual studio 2013\projects\kamkbyte3\kamkbyte3\debug\kamkbyte3.tlog\cl.read.1.tlog
c:\users\lassikes\documents\visual studio 2013\projects\kamkbyte3\kamkbyte3\debug\kamkbyte3.tlog\cl.write.1.tlog
c:\users\lassikes\documents\visual studio 2013\projects\kamkbyte3\kamkbyte3\debug\kamkbyte3.tlog\link-cvtres.read.1.tlog
c:\users\lassikes\documents\visual studio 2013\projects\kamkbyte3\kamkbyte3\debug\kamkbyte3.tlog\link-cvtres.write.1.tlog
c:\users\lassikes\documents\visual studio 2013\projects\kamkbyte3\kamkbyte3\debug\kamkbyte3.tlog\link-rc.read.1.tlog
c:\users\lassikes\documents\visual studio 2013\projects\kamkbyte3\kamkbyte3\debug\kamkbyte3.tlog\link-rc.write.1.tlog
c:\users\lassikes\documents\visual studio 2013\projects\kamkbyte3\kamkbyte3\debug\kamkbyte3.tlog\link.5776-cvtres.read.1.tlog
c:\users\lassikes\documents\visual studio 2013\projects\kamkbyte3\kamkbyte3\debug\kamkbyte3.tlog\link.5776-cvtres.write.1.tlog
c:\users\lassikes\documents\visual studio 2013\projects\kamkbyte3\kamkbyte3\debug\kamkbyte3.tlog\link.5776-rc.read.1.tlog
c:\users\lassikes\documents\visual studio 2013\projects\kamkbyte3\kamkbyte3\debug\kamkbyte3.tlog\link.5776-rc.write.1.tlog
c:\users\lassikes\documents\visual studio 2013\projects\kamkbyte3\kamkbyte3\debug\kamkbyte3.tlog\link.5776.read.1.tlog
c:\users\lassikes\documents\visual studio 2013\projects\kamkbyte3\kamkbyte3\debug\kamkbyte3.tlog\link.5776.write.1.tlog
c:\users\lassikes\documents\visual studio 2013\projects\kamkbyte3\kamkbyte3\debug\kamkbyte3.tlog\link.command.1.tlog
c:\users\lassikes\documents\visual studio 2013\projects\kamkbyte3\kamkbyte3\debug\kamkbyte3.tlog\link.read.1.tlog
c:\users\lassikes\documents\visual studio 2013\projects\kamkbyte3\kamkbyte3\debug\kamkbyte3.tlog\link.write.1.tlog
