Build started 17.12.2015 20.43.47.
     1>Project "C:\Users\Jussi\Desktop\GraphicsEngineKamkByte3\KamkByte3\KamkByte3\KamkByte3.vcxproj" on node 2 (Build target(s)).
     1>Link:
         C:\Program Files (x86)\Microsoft Visual Studio 12.0\VC\bin\link.exe /ERRORREPORT:PROMPT /OUT:"C:\Users\Jussi\Desktop\GraphicsEngineKamkByte3\KamkByte3\Release\KamkByte3.exe" /NOLOGO opengl32.lib glew32.lib kernel32.lib user32.lib gdi32.lib winspool.lib comdlg32.lib advapi32.lib shell32.lib ole32.lib oleaut32.lib uuid.lib odbc32.lib odbccp32.lib /MANIFEST /MANIFESTUAC:"level='asInvoker' uiAccess='false'" /manifest:embed /DEBUG /PDB:"C:\Users\Jussi\Desktop\GraphicsEngineKamkByte3\KamkByte3\Release\KamkByte3.pdb" /SUBSYSTEM:CONSOLE /OPT:REF /OPT:ICF /LTCG /TLBID:1 /DYNAMICBASE /NXCOMPAT /IMPLIB:"C:\Users\Jussi\Desktop\GraphicsEngineKamkByte3\KamkByte3\Release\KamkByte3.lib" /MACHINE:X86 /SAFESEH Release\AllIncludes.obj
         Release\ErrorManager.obj
         Release\GLSLProgram.obj
         Release\ImageLoader.obj
         Release\InputManager.obj
         Release\IOManager.obj
         Release\ObjectContainer.obj
         Release\ObjectMold.obj
         Release\DrawMovement.obj
         Release\picoPNG.obj
         Release\RendererClass.obj
         Release\ResourceManager.obj
         Release\Sprite.obj
         Release\TextureCache.obj
         Release\WindowCreation.obj
         Release\Main.obj
         Generating code
     1>c:\users\jussi\desktop\graphicsenginekamkbyte3\kamkbyte3\kamkbyte3\code\objectrelatives\mold\objectmold.cpp(145): warning C4715: 'ObjectMold::getOrigin' : not all control paths return a value
         Finished generating code
         KamkByte3.vcxproj -> C:\Users\Jussi\Desktop\GraphicsEngineKamkByte3\KamkByte3\Release\KamkByte3.exe
     1>Done Building Project "C:\Users\Jussi\Desktop\GraphicsEngineKamkByte3\KamkByte3\KamkByte3\KamkByte3.vcxproj" (Build target(s)).

Build succeeded.

Time Elapsed 00:00:01.04
